[2017-10-18 17:46:15] START
[2017-10-18 17:46:24] EDIT cb/models/db.py: -17
[2017-10-18 17:47:11] EDIT cb/views/default/index.html: 453
[2017-10-18 17:49:39] EDIT cb/views/default/index.html: -353
[2017-10-18 17:50:15] EDIT cb/views/default/index.html: -3
[2017-10-18 18:06:59] EDIT cb/models/db.py: 0
[2017-10-18 18:09:46] EDIT cb/controllers/default.py: 2
[2017-10-18 18:11:13] CREATE default/register.html: 0
[2017-10-18 18:17:35] EDIT cb/views/default/register.html: 113
[2017-10-18 18:18:04] EDIT cb/views/default/register.html: 1
[2017-10-18 18:18:36] EDIT cb/views/default/register.html: 1
[2017-10-18 18:23:43] EDIT cb/views/default/register.html: -41
[2017-10-18 18:26:46] EDIT cb/views/default/register.html: 0
[2017-10-18 18:28:35] EDIT cb/views/default/register.html: 2
[2017-10-18 18:29:46] EDIT cb/views/default/register.html: 2
[2017-10-18 18:30:19] EDIT cb/views/default/register.html: 0
[2017-10-18 18:30:31] EDIT cb/views/default/register.html: 0
[2017-10-18 18:30:43] EDIT cb/views/default/register.html: 0
[2017-10-18 18:31:31] EDIT cb/views/default/register.html: -20
[2017-10-18 18:31:52] EDIT cb/views/default/register.html: 0
[2017-10-18 18:34:52] EDIT cb/views/default/register.html: 0
[2017-10-18 18:35:36] UPLOAD /home/smmc/web2py/applications/cb/static/logo.png: 956
[2017-10-18 18:39:21] EDIT cb/views/default/register.html: 0
[2017-10-18 18:41:39] EDIT cb/views/default/register.html: 1
[2017-10-18 18:42:16] EDIT cb/views/default/register.html: 3
[2017-10-18 18:43:08] EDIT cb/views/default/register.html: 0
[2017-10-18 18:44:37] EDIT cb/views/default/register.html: 0
[2017-10-18 18:44:52] EDIT cb/views/default/register.html: 0
[2017-10-18 18:45:08] EDIT cb/views/default/register.html: 0
[2017-10-18 18:45:30] EDIT cb/views/default/register.html: 0
[2017-10-18 18:46:03] EDIT cb/views/default/register.html: 1
[2017-10-18 18:46:11] EDIT cb/views/default/register.html: -1
[2017-10-18 18:47:31] EDIT cb/views/default/register.html: 0
[2017-10-18 18:47:48] EDIT cb/views/default/register.html: 0
[2017-10-18 18:49:13] EDIT cb/views/default/register.html: 2
[2017-10-18 18:49:27] EDIT cb/views/default/register.html: 0
[2017-10-18 18:49:57] EDIT cb/views/default/register.html: -2
[2017-10-18 18:51:14] EDIT cb/views/default/register.html: -4
[2017-10-18 18:51:50] EDIT cb/views/default/register.html: -1
[2017-10-18 18:52:55] EDIT cb/views/default/register.html: 2
[2017-10-18 18:53:10] EDIT cb/views/default/register.html: 0
[2017-10-18 18:53:31] EDIT cb/views/default/register.html: 0
[2017-10-18 18:54:31] EDIT cb/views/default/index.html: 0
[2017-10-18 18:55:19] EDIT cb/views/default/index.html: -1
[2017-10-18 18:55:38] EDIT cb/views/default/index.html: -8
[2017-10-18 20:13:13] EDIT cb/controllers/default.py: 2
[2017-10-18 20:13:49] CREATE default/spotlight.html: 0
[2017-10-18 20:14:02] EDIT cb/views/default/spotlight.html: 117
[2017-10-18 20:22:05] EDIT cb/views/default/index.html: -4
[2017-10-19 03:15:12] EDIT cb/views/default/index.html: 3
[2017-10-19 03:15:30] EDIT cb/views/default/index.html: 0
[2017-10-19 03:16:42] EDIT cb/views/default/index.html: 1
[2017-10-19 03:18:46] EDIT cb/views/default/index.html: 1
[2017-10-19 03:19:07] EDIT cb/views/default/index.html: -1
[2017-10-19 03:19:27] EDIT cb/views/default/index.html: 0
[2017-10-19 03:19:40] EDIT cb/views/default/index.html: 0
[2017-10-19 03:19:46] EDIT cb/views/default/index.html: 0
[2017-10-19 03:19:54] EDIT cb/views/default/index.html: 0
[2017-10-19 03:20:15] EDIT cb/views/default/index.html: -3
[2017-10-19 03:20:54] EDIT cb/views/default/index.html: 0
[2017-10-19 03:21:40] EDIT cb/views/default/index.html: 0
[2017-10-19 03:21:59] EDIT cb/views/default/index.html: 0
[2017-10-19 03:23:05] EDIT cb/views/default/index.html: 3
[2017-10-19 03:23:25] EDIT cb/views/default/index.html: 0
[2017-10-19 03:25:05] EDIT cb/views/default/index.html: 9
[2017-10-19 03:25:21] EDIT cb/views/default/index.html: 0
[2017-10-19 03:26:00] EDIT cb/views/default/index.html: 0
[2017-10-19 03:26:58] EDIT cb/views/default/index.html: 1
[2017-10-19 03:29:47] EDIT cb/views/default/index.html: 13
[2017-10-19 03:29:55] EDIT cb/views/default/index.html: 0
[2017-10-19 03:30:35] EDIT cb/views/default/index.html: -1
[2017-10-19 03:31:00] EDIT cb/views/default/index.html: -22
[2017-10-19 03:31:34] EDIT cb/views/default/index.html: 23
[2017-10-19 03:32:13] EDIT cb/views/default/index.html: 0
[2017-10-19 03:32:24] EDIT cb/views/default/index.html: -23
[2017-10-19 03:33:28] EDIT cb/views/default/index.html: 6
[2017-10-19 03:33:47] EDIT cb/views/default/index.html: 0
[2017-10-19 03:33:54] EDIT cb/views/default/index.html: 0
[2017-10-19 03:34:30] EDIT cb/views/default/index.html: 0
[2017-10-19 03:34:44] EDIT cb/views/default/index.html: -4
[2017-10-19 03:35:54] EDIT cb/views/default/index.html: -23
[2017-10-19 03:36:57] EDIT cb/views/default/index.html: -33
[2017-10-19 03:36:58] EDIT cb/views/default/index.html: 0
[2017-10-19 03:37:34] EDIT cb/views/default/index.html: -3
[2017-10-19 03:38:33] EDIT cb/views/default/index.html: 0
[2017-10-19 03:38:48] EDIT cb/views/default/index.html: 1
[2017-10-19 03:39:33] EDIT cb/views/default/index.html: 0
[2017-10-19 03:40:06] EDIT cb/views/default/index.html: 0
[2017-10-19 03:42:33] EDIT cb/views/default/index.html: 4
[2017-10-19 03:43:54] EDIT cb/views/default/index.html: 0
[2017-10-19 03:44:45] EDIT cb/views/default/index.html: 0
[2017-10-19 03:44:59] EDIT cb/views/default/index.html: 1
[2017-10-19 03:45:44] EDIT cb/views/default/index.html: 1
[2017-10-19 03:46:05] EDIT cb/views/default/index.html: 0
[2017-10-19 03:46:45] EDIT cb/views/default/index.html: 0
[2017-10-19 03:47:09] EDIT cb/views/default/index.html: 2
[2017-10-19 03:47:27] EDIT cb/views/default/index.html: -2
[2017-10-19 03:51:17] EDIT cb/views/default/index.html: 2
[2017-10-19 03:51:56] EDIT cb/views/default/index.html: 0
[2017-10-19 03:52:11] EDIT cb/views/default/index.html: 0
[2017-10-19 03:52:33] EDIT cb/views/default/index.html: -2
[2017-10-19 03:52:40] EDIT cb/views/default/index.html: 0
[2017-10-19 03:53:26] EDIT cb/views/default/index.html: 0
[2017-10-19 03:55:06] EDIT cb/views/default/index.html: 0
[2017-10-19 03:57:34] EDIT cb/views/default/index.html: 43
[2017-10-19 03:58:02] EDIT cb/views/default/index.html: 3
[2017-10-19 03:59:37] EDIT cb/views/default/index.html: -10
[2017-10-19 04:00:17] EDIT cb/views/default/index.html: 0
[2017-10-19 04:00:27] EDIT cb/views/default/index.html: 0
[2017-10-19 04:01:02] EDIT cb/views/default/index.html: 0
[2017-10-19 04:01:37] EDIT cb/views/default/index.html: -12
[2017-10-19 04:06:02] EDIT cb/views/default/index.html: -1
[2017-10-19 04:07:07] EDIT cb/views/default/index.html: -1
[2017-10-19 05:11:37] EDIT cb/views/default/index.html: 3
[2017-10-19 05:12:48] EDIT cb/views/default/index.html: -3
[2017-10-19 05:13:11] EDIT cb/views/default/index.html: 0
[2017-10-19 05:13:14] EDIT cb/views/default/index.html: 0
[2017-10-19 05:13:56] EDIT cb/views/default/index.html: 0
[2017-10-19 05:14:02] EDIT cb/views/default/index.html: 0
[2017-10-19 05:14:42] EDIT cb/views/default/index.html: 1
[2017-10-19 16:59:39] EDIT cb/views/default/spotlight.html: 23
[2017-10-19 17:01:10] EDIT cb/controllers/default.py: 2
[2017-10-19 17:18:35] EDIT cb/controllers/default.py: 1
[2017-10-19 17:26:25] EDIT cb/controllers/default.py: 0
[2017-10-19 17:26:49] CREATE default/create.html: 0
[2017-10-19 17:28:39] CREATE default/submit.html: 0
[2017-10-19 17:31:03] EDIT cb/views/default/submit.html: 128
[2017-10-19 17:32:23] EDIT cb/views/default/submit.html: -12
[2017-10-19 17:33:10] EDIT cb/views/default/submit.html: 6
[2017-10-19 17:34:02] EDIT cb/controllers/default.py: 0
[2017-10-19 17:34:16] EDIT cb/controllers/default.py: 0
[2017-10-19 17:39:09] EDIT cb/controllers/default.py: 0
[2017-10-19 17:40:43] EDIT cb/controllers/default.py: 0
[2017-10-19 17:42:39] EDIT cb/controllers/default.py: 0
[2017-10-19 17:47:22] EDIT cb/controllers/default.py: 1
[2017-10-19 17:49:56] EDIT cb/controllers/default.py: 0
[2017-10-19 17:50:16] EDIT cb/controllers/default.py: -1
[2017-10-19 17:52:39] EDIT cb/controllers/default.py: 0
[2017-10-19 17:53:16] EDIT cb/views/default/submit.html: 0
[2017-10-19 17:53:39] EDIT cb/views/default/submit.html: 0
[2017-10-19 17:56:17] EDIT cb/controllers/default.py: 0
[2017-10-19 17:57:06] EDIT cb/views/default/submit.html: -29
[2017-10-19 17:59:49] EDIT cb/views/default/submit.html: -1
[2017-10-19 18:00:26] EDIT cb/views/default/submit.html: -14
[2017-10-19 18:08:40] EDIT cb/views/default/submit.html: 0
[2017-10-19 18:08:55] EDIT cb/views/default/submit.html: 0
[2017-10-19 18:09:49] EDIT cb/views/default/submit.html: 0
[2017-10-19 18:11:04] EDIT cb/views/default/index.html: 0
[2017-10-19 18:13:30] EDIT cb/views/default/spotlight.html: 0
[2017-10-19 18:13:56] EDIT cb/views/default/spotlight.html: 0
[2017-10-19 18:14:40] EDIT cb/views/default/spotlight.html: 0
[2017-10-19 18:16:11] EDIT cb/views/default/spotlight.html: 1
[2017-10-19 18:16:32] EDIT cb/views/default/spotlight.html: 0
[2017-10-19 18:17:00] EDIT cb/views/default/spotlight.html: -6
[2017-10-19 18:18:21] EDIT cb/views/default/index.html: -5
[2017-10-19 18:19:36] CREATE layout_bootstrap.html: 0
[2017-10-19 18:20:36] EDIT cb/views/default/index.html: 0
[2017-10-19 18:22:09] EDIT cb/views/default/submit.html: -5
[2017-10-19 18:23:57] EDIT cb/views/default/register.html: 23
[2017-10-19 18:24:07] EDIT cb/views/default/register.html: 1
[2017-10-19 18:24:59] EDIT cb/views/default/register.html: 0
[2017-10-19 18:25:30] EDIT cb/views/default/index.html: 0
[2017-10-19 18:25:31] EDIT cb/views/default/index.html: 0
[2017-10-19 18:25:53] EDIT cb/views/default/submit.html: 0
[2017-10-19 18:26:12] EDIT cb/views/default/spotlight.html: 0
[2017-10-19 18:29:55] EDIT cb/controllers/default.py: 0
[2017-10-19 18:30:30] EDIT cb/controllers/default.py: 1
[2017-10-19 18:31:43] EDIT cb/controllers/default.py: -1
[2017-10-19 18:32:30] EDIT cb/views/default/submit.html: -1
[2017-10-19 18:32:42] EDIT cb/views/default/submit.html: 0
[2017-10-19 18:32:49] EDIT cb/views/default/submit.html: 0
[2017-10-19 18:33:05] EDIT cb/views/default/submit.html: 0
[2017-10-19 18:36:07] EDIT cb/controllers/default.py: 0
[2017-10-19 18:38:33] EDIT cb/views/default/submit.html: 5
[2017-10-19 18:38:38] EDIT cb/views/default/submit.html: -1
[2017-10-19 18:40:17] EDIT cb/views/default/submit.html: -4
[2017-10-19 18:44:09] EDIT cb/views/default/submit.html: 2
[2017-10-19 18:44:24] EDIT cb/views/default/submit.html: 2
[2017-10-19 18:44:44] EDIT cb/views/default/submit.html: 0
[2017-10-19 18:45:30] EDIT cb/views/default/submit.html: 2
[2017-10-19 18:46:52] EDIT cb/views/default/submit.html: 1
[2017-10-19 18:47:22] EDIT cb/views/default/submit.html: -1
[2017-10-19 18:48:32] EDIT cb/views/default/submit.html: 1
[2017-10-19 18:49:17] EDIT cb/views/default/submit.html: 0
[2017-10-19 18:51:04] EDIT cb/views/default/submit.html: 0
[2017-10-19 18:51:15] EDIT cb/views/default/submit.html: 0
[2017-10-19 18:51:56] EDIT cb/views/default/submit.html: 0
[2017-10-19 18:53:24] EDIT cb/views/default/submit.html: 1
[2017-10-19 18:54:49] EDIT cb/views/default/submit.html: 0
[2017-10-19 18:54:57] EDIT cb/views/default/submit.html: 0
[2017-10-19 18:57:08] EDIT cb/views/default/submit.html: 0
[2017-10-19 18:57:18] EDIT cb/views/default/submit.html: 0
[2017-10-19 18:58:53] EDIT cb/views/default/submit.html: 2
[2017-10-19 18:59:10] EDIT cb/views/default/submit.html: 0
[2017-10-19 18:59:55] EDIT cb/views/default/submit.html: 0
[2017-10-19 19:00:50] EDIT cb/views/default/submit.html: 1
[2017-10-19 19:01:30] EDIT cb/views/default/submit.html: 0
[2017-10-19 19:03:03] EDIT cb/views/default/submit.html: 3
[2017-10-19 19:06:09] EDIT cb/views/default/submit.html: 1
[2017-10-19 19:07:13] EDIT cb/views/default/submit.html: 0
[2017-10-19 20:30:34] EDIT cb/controllers/default.py: 2
[2017-10-19 20:31:23] EDIT cb/controllers/default.py: 0
[2017-10-19 20:31:51] EDIT cb/controllers/default.py: 0
[2017-10-19 20:41:01] EDIT cb/controllers/default.py: 0
[2017-10-19 20:41:37] EDIT cb/views/default/submit.html: 1
[2017-10-19 20:42:10] EDIT cb/views/default/submit.html: 0
[2017-10-19 20:42:28] EDIT cb/views/default/submit.html: -1
[2017-10-19 20:42:45] EDIT cb/controllers/default.py: 0
[2017-10-19 22:52:31] EDIT cb/models/db.py: 1
[2017-10-19 22:52:54] EDIT cb/models/db.py: 0
[2017-10-19 22:53:28] EDIT cb/models/db.py: 0
[2017-10-19 22:56:32] EDIT cb/models/db.py: -1
[2017-10-19 22:59:38] EDIT cb/models/db.py: 0
[2017-10-19 23:04:40] EDIT cb/controllers/default.py: 7
[2017-10-19 23:04:49] EDIT cb/controllers/default.py: 0
[2017-10-19 23:04:57] EDIT cb/controllers/default.py: 0
[2017-10-19 23:05:06] EDIT cb/controllers/default.py: 0
[2017-10-19 23:05:19] EDIT cb/controllers/default.py: 0
[2017-10-19 23:05:23] EDIT cb/controllers/default.py: 0
[2017-10-19 23:05:48] EDIT cb/controllers/default.py: 3
[2017-10-19 23:05:49] EDIT cb/controllers/default.py: 0
[2017-10-19 23:05:50] EDIT cb/controllers/default.py: 0
[2017-10-19 23:06:05] EDIT cb/controllers/default.py: 0
[2017-10-19 23:06:33] EDIT cb/controllers/default.py: 0
[2017-10-19 23:06:50] EDIT cb/controllers/default.py: 0
[2017-10-19 23:06:53] EDIT cb/controllers/default.py: 0
[2017-10-19 23:07:00] EDIT cb/controllers/default.py: 0
[2017-10-19 23:07:01] EDIT cb/controllers/default.py: 0
[2017-10-19 23:07:08] EDIT cb/controllers/default.py: -9
[2017-10-19 23:07:18] EDIT cb/controllers/default.py: -1
[2017-10-19 23:07:26] EDIT cb/controllers/default.py: 0
[2017-10-19 23:07:42] EDIT cb/controllers/default.py: 7
[2017-10-19 23:08:03] EDIT cb/controllers/default.py: 0
[2017-10-19 23:08:06] EDIT cb/controllers/default.py: 0
[2017-10-19 23:08:11] EDIT cb/controllers/default.py: 0
[2017-10-19 23:08:30] EDIT cb/models/db.py: 0
[2017-10-19 23:08:45] EDIT cb/models/db.py: 0
[2017-10-19 23:13:36] EDIT cb/models/db.py: 17
[2017-10-19 23:14:01] EDIT cb/models/db.py: 0
[2017-10-19 23:18:46] EDIT cb/models/db.py: -1
[2017-10-19 23:20:35] EDIT cb/controllers/default.py: -7
[2017-10-19 23:23:00] EDIT cb/models/db.py: 1
[2017-10-19 23:23:23] EDIT cb/models/db.py: 0
[2017-10-19 23:25:10] EDIT cb/models/db.py: 1
[2017-10-19 23:25:46] EDIT cb/models/db.py: -1
[2017-10-19 23:42:10] EDIT cb/views/default/index.html: 1
[2017-10-19 23:43:15] EDIT cb/controllers/default.py: 1
[2017-10-19 23:44:34] EDIT cb/views/default/index.html: -1
[2017-10-19 23:45:14] CREATE layout2.html: 0
[2017-10-19 23:48:31] EDIT cb/views/layout2.html: 68
[2017-10-19 23:51:06] EDIT cb/views/default/register.html: -64
[2017-10-19 23:51:29] EDIT cb/views/default/register.html: 0
[2017-10-19 23:52:47] EDIT cb/views/layout2.html: 0
[2017-10-19 23:52:49] EDIT cb/views/layout2.html: 0
[2017-10-19 23:54:10] EDIT cb/views/layout2.html: 0
[2017-10-19 23:54:33] EDIT cb/views/default/register.html: 2
[2017-10-19 23:57:24] EDIT cb/views/layout2.html: 2
[2017-10-19 23:57:53] EDIT cb/views/default/register.html: 0
[2017-10-20 00:08:24] EDIT cb/models/db.py: -4
[2017-10-20 00:08:44] EDIT cb/models/db.py: 4
[2017-10-20 00:13:39] EDIT cb/models/db.py: 1
[2017-10-20 00:14:17] EDIT cb/models/db.py: 0
[2017-10-20 00:15:18] EDIT cb/models/db.py: 1
[2017-10-20 00:18:48] EDIT cb/views/default/user.html: 2
[2017-10-20 00:19:45] EDIT cb/views/default/user.html: -2
[2017-10-20 00:34:13] EDIT cb/views/default/index.html: 1
[2017-10-20 00:34:44] EDIT cb/views/default/index.html: -1
[2017-10-20 00:40:58] EDIT cb/views/default/index.html: 18
[2017-10-20 00:42:02] EDIT cb/views/default/index.html: 2
[2017-10-20 00:42:59] EDIT cb/views/default/index.html: 59
[2017-10-20 00:44:25] EDIT cb/views/default/index.html: -13
[2017-10-20 00:50:54] EDIT cb/models/menu.py: -1
[2017-10-20 00:51:26] EDIT cb/models/menu.py: 0
[2017-10-20 00:52:38] EDIT cb/models/menu.py: 0
[2017-10-20 00:52:39] EDIT cb/models/menu.py: 0
[2017-10-20 00:55:44] EDIT cb/models/menu.py: -18
[2017-10-20 00:56:18] EDIT cb/models/menu.py: 18
[2017-10-20 00:56:28] EDIT cb/models/menu.py: 0
[2017-10-20 00:57:13] EDIT cb/models/menu.py: 2
[2017-10-20 00:57:57] EDIT cb/models/menu.py: 0
[2017-10-20 01:04:08] EDIT cb/views/default/index.html: 1
[2017-10-20 01:07:50] EDIT cb/models/db.py: 13
[2017-10-20 01:08:41] EDIT cb/views/default/index.html: 0
[2017-10-20 01:09:34] EDIT cb/views/default/index.html: 1
[2017-10-20 01:09:59] EDIT cb/views/default/index.html: -2
[2017-10-20 01:21:01] EDIT cb/models/menu.py: 1
[2017-10-20 01:21:23] EDIT cb/views/default/index.html: 1
[2017-10-20 01:22:13] EDIT cb/views/default/index.html: -1
[2017-10-20 01:22:28] EDIT cb/views/default/index.html: 0
[2017-10-20 01:22:50] EDIT cb/models/menu.py: -1
[2017-10-20 01:23:40] EDIT cb/views/default/index.html: 0
[2017-10-20 01:28:19] EDIT cb/views/default/index.html: 1
[2017-10-20 01:29:54] EDIT cb/views/default/index.html: -1
[2017-10-20 01:30:16] EDIT cb/views/default/index.html: -8
[2017-10-20 01:31:23] EDIT cb/views/default/index.html: -54
[2017-10-20 01:32:59] EDIT cb/views/layout.html: -80
[2017-10-20 01:34:12] EDIT cb/views/default/index.html: -65
[2017-10-20 01:35:39] EDIT cb/views/default/spotlight.html: -65
[2017-10-20 01:43:25] EDIT cb/views/default/spotlight.html: -8
[2017-10-20 01:44:18] EDIT cb/views/default/spotlight.html: -4
[2017-10-20 01:44:47] EDIT cb/views/default/spotlight.html: -51
[2017-10-20 01:45:03] EDIT cb/views/default/spotlight.html: 52
[2017-10-20 01:46:49] EDIT cb/views/default/spotlight.html: 0
[2017-10-20 01:48:44] EDIT cb/views/default/spotlight.html: -4
[2017-10-20 01:55:48] EDIT cb/views/default/spotlight.html: 5
[2017-10-20 01:57:28] EDIT cb/views/default/spotlight.html: 1
[2017-10-20 01:58:40] EDIT cb/views/default/spotlight.html: -1
[2017-10-20 01:58:42] EDIT cb/views/default/spotlight.html: 0
[2017-10-20 01:59:20] EDIT cb/views/default/spotlight.html: 1
[2017-10-20 02:00:29] EDIT cb/views/default/spotlight.html: 0
[2017-10-20 02:02:56] EDIT cb/views/default/submit.html: -65
[2017-10-20 02:05:29] EDIT cb/views/default/user.html: 2
[2017-10-20 02:06:49] EDIT cb/views/default/user.html: 4
[2017-10-20 02:07:34] EDIT cb/views/layout.html: -2
[2017-10-20 02:08:10] EDIT cb/views/layout.html: 0
[2017-10-20 02:08:30] EDIT cb/views/layout.html: 0
[2017-10-20 02:09:07] EDIT cb/views/layout.html: 2
[2017-10-20 02:09:19] EDIT cb/views/layout.html: -3
[2017-10-20 02:09:39] EDIT cb/views/layout.html: 0
[2017-10-20 02:10:38] EDIT cb/views/layout.html: 0
[2017-10-20 02:12:39] EDIT cb/views/appadmin.html: 2
[2017-10-20 02:17:33] EDIT cb/models/db.py: 0
[2017-10-20 02:32:34] EDIT cb/models/db.py: 0
[2017-10-20 02:34:37] EDIT cb/models/db.py: 0
[2017-10-20 02:38:33] EDIT cb/controllers/default.py: 1
[2017-10-20 02:38:50] EDIT cb/controllers/default.py: 0
[2017-10-20 02:39:32] EDIT cb/controllers/default.py: 0
[2017-10-20 02:40:22] EDIT cb/controllers/default.py: 0
[2017-10-20 02:40:44] EDIT cb/controllers/default.py: 0
[2017-10-20 02:41:56] EDIT cb/models/db.py: 0
[2017-10-20 02:42:14] EDIT cb/controllers/default.py: 0
[2017-10-20 02:42:52] EDIT cb/controllers/default.py: 1
[2017-10-20 03:34:11] EDIT cb/models/db.py: 0
[2017-10-20 03:35:34] EDIT cb/views/layout.html: 0
[2017-10-20 03:36:59] EDIT cb/views/layout.html: 2
[2017-10-20 03:37:47] EDIT cb/views/layout.html: 0
[2017-10-20 03:38:23] EDIT cb/models/db.py: -12
[2017-10-20 03:38:43] EDIT cb/views/layout.html: 0
[2017-10-20 03:39:54] EDIT cb/views/layout.html: 0
[2017-10-20 03:40:05] EDIT cb/views/layout.html: 0
[2017-10-20 03:41:44] EDIT cb/views/layout.html: 0
[2017-10-20 03:42:20] EDIT cb/views/layout.html: 0
[2017-10-20 03:53:45] EDIT cb/controllers/default.py: 2
[2017-10-20 03:53:59] CREATE default/test.html: 0
[2017-10-20 03:54:19] EDIT cb/views/default/test.html: 1
[2017-10-20 03:54:38] EDIT cb/views/default/test.html: -1
[2017-10-20 03:55:05] EDIT cb/views/default/test.html: 0
[2017-10-20 03:55:34] EDIT cb/controllers/default.py: 0
[2017-10-20 03:56:04] EDIT cb/views/default/test.html: 3
[2017-10-20 03:57:56] EDIT cb/views/layout.html: 0
[2017-10-20 03:58:24] EDIT cb/views/layout.html: 0
[2017-10-20 03:58:47] EDIT cb/views/layout.html: 0
[2017-10-20 03:58:54] EDIT cb/views/layout.html: 0
[2017-10-20 03:59:02] EDIT cb/views/layout.html: 0
[2017-10-20 03:59:56] EDIT cb/views/layout.html: 0
[2017-10-20 04:01:09] EDIT cb/controllers/default.py: 1
[2017-10-20 04:02:29] EDIT cb/views/default/test.html: 3
[2017-10-20 04:03:17] EDIT cb/controllers/default.py: 1
[2017-10-20 04:03:24] EDIT cb/controllers/default.py: 0
[2017-10-20 04:03:29] EDIT cb/controllers/default.py: 0
[2017-10-20 04:03:40] EDIT cb/controllers/default.py: 0
[2017-10-20 04:03:56] EDIT cb/controllers/default.py: 0
[2017-10-20 04:04:05] EDIT cb/controllers/default.py: 0
[2017-10-20 04:04:40] EDIT cb/controllers/default.py: 0
[2017-10-20 04:05:58] EDIT cb/views/layout.html: 0
[2017-10-20 04:06:17] EDIT cb/views/layout.html: 0
[2017-10-20 04:08:59] EDIT cb/controllers/default.py: 0
[2017-10-20 04:09:29] EDIT cb/views/default/submit.html: -4
[2017-10-20 04:11:23] EDIT cb/controllers/default.py: 3
[2017-10-20 04:22:33] EDIT cb/models/db.py: 0
[2017-10-20 04:22:57] EDIT cb/models/db.py: 0
[2017-10-20 04:23:04] EDIT cb/models/db.py: 0
[2017-10-20 04:24:13] EDIT cb/models/db.py: 0
[2017-10-20 04:24:17] EDIT cb/models/db.py: 0
[2017-10-20 04:24:35] EDIT cb/models/db.py: 0
[2017-10-20 04:24:39] EDIT cb/models/db.py: 0
[2017-10-20 04:25:42] EDIT cb/controllers/default.py: 0
[2017-10-20 04:26:12] EDIT cb/controllers/default.py: 1
[2017-10-20 04:26:59] EDIT cb/controllers/default.py: 0
[2017-10-20 04:28:51] EDIT cb/models/db.py: 0
[2017-10-20 04:30:23] EDIT cb/controllers/default.py: 3
[2017-10-20 04:32:16] EDIT cb/controllers/default.py: 0
[2017-10-20 04:33:26] EDIT cb/controllers/default.py: 0
[2017-10-20 04:36:16] EDIT cb/controllers/default.py: 4
[2017-10-20 04:37:44] EDIT cb/controllers/default.py: 0
[2017-10-20 04:37:46] EDIT cb/controllers/default.py: 0
[2017-10-20 04:37:50] EDIT cb/controllers/default.py: 0
[2017-10-20 04:37:57] EDIT cb/controllers/default.py: 0
[2017-10-20 04:38:18] EDIT cb/controllers/default.py: 0
[2017-10-20 04:38:34] EDIT cb/controllers/default.py: 0
[2017-10-20 04:39:25] EDIT cb/controllers/default.py: 1
[2017-10-20 04:42:00] EDIT cb/controllers/default.py: 3
[2017-10-20 04:43:52] EDIT cb/controllers/default.py: 0
[2017-10-20 04:45:01] EDIT cb/models/db.py: 0
[2017-10-20 04:48:18] EDIT cb/controllers/default.py: 2
[2017-10-20 04:48:39] EDIT cb/controllers/default.py: 0
[2017-10-20 04:49:23] EDIT cb/controllers/default.py: 0
[2017-10-20 04:49:24] EDIT cb/controllers/default.py: 0
[2017-10-20 04:49:45] EDIT cb/controllers/default.py: 0
[2017-10-20 04:50:03] EDIT cb/controllers/default.py: 0
[2017-10-20 04:50:38] EDIT cb/controllers/default.py: 1
[2017-10-20 04:51:03] EDIT cb/controllers/default.py: 0
[2017-10-20 04:51:28] EDIT cb/controllers/default.py: -2
[2017-10-20 04:53:18] EDIT cb/controllers/default.py: 0
[2017-10-20 04:53:42] EDIT cb/controllers/default.py: 0
[2017-10-20 04:54:46] EDIT cb/controllers/default.py: 0
[2017-10-20 04:55:14] EDIT cb/controllers/default.py: 0
[2017-10-20 04:56:43] EDIT cb/controllers/default.py: 0
[2017-10-20 04:57:56] EDIT cb/models/db.py: 0
[2017-10-20 04:58:31] EDIT cb/models/db.py: 0
[2017-10-20 04:59:39] EDIT cb/models/db.py: 0
[2017-10-20 05:00:08] EDIT cb/models/db.py: 0
[2017-10-20 05:00:31] EDIT cb/models/db.py: 0
[2017-10-20 05:01:23] EDIT cb/models/db.py: 0
[2017-10-20 05:03:47] EDIT cb/controllers/default.py: 0
[2017-10-20 05:05:39] EDIT cb/views/default/index.html: 0
[2017-10-20 05:06:14] EDIT cb/views/default/index.html: 0
[2017-10-20 05:07:34] EDIT cb/views/default/index.html: 2
[2017-10-20 05:09:47] EDIT cb/views/default/index.html: -1
[2017-10-20 05:09:57] EDIT cb/views/default/index.html: 1
[2017-10-20 05:10:05] EDIT cb/views/default/index.html: 0
[2017-10-20 05:10:17] EDIT cb/views/default/index.html: 0
[2017-10-20 05:22:15] EDIT cb/views/default/index.html: 0
[2017-10-20 05:23:23] EDIT cb/views/default/index.html: 0
[2017-10-20 05:25:01] EDIT cb/views/default/index.html: 0
[2017-10-20 05:25:13] EDIT cb/views/default/index.html: 0
[2017-10-20 05:26:38] EDIT cb/views/default/index.html: 1
[2017-10-20 05:27:47] EDIT cb/views/default/index.html: 0
[2017-10-20 05:28:02] EDIT cb/views/default/index.html: 0
[2017-10-20 05:28:24] EDIT cb/views/default/index.html: 0
[2017-10-20 05:28:48] EDIT cb/views/default/index.html: 0
[2017-10-20 05:28:54] EDIT cb/views/default/index.html: 0
[2017-10-20 05:29:33] EDIT cb/views/default/index.html: 0
[2017-10-20 05:29:49] EDIT cb/views/default/index.html: 0
[2017-10-20 05:30:47] EDIT cb/views/default/index.html: 0
[2017-10-20 05:31:03] EDIT cb/views/default/index.html: 0
[2017-10-20 05:33:41] EDIT cb/views/default/index.html: 0
[2017-10-20 05:33:59] EDIT cb/views/default/index.html: 0
[2017-10-20 05:34:23] EDIT cb/views/default/index.html: 0
[2017-10-20 05:35:47] EDIT cb/views/default/index.html: 0
[2017-10-20 05:35:48] EDIT cb/views/default/index.html: 0
[2017-10-20 05:36:37] EDIT cb/views/default/index.html: 0
[2017-10-20 05:36:58] EDIT cb/views/default/index.html: 0
[2017-10-20 05:37:12] EDIT cb/views/default/index.html: 0
[2017-10-20 05:37:46] EDIT cb/views/default/index.html: 0
[2017-10-20 05:38:20] EDIT cb/views/default/index.html: 0
[2017-10-20 05:38:43] EDIT cb/views/default/index.html: 0
[2017-10-20 05:40:37] EDIT cb/views/default/index.html: 0
[2017-10-20 05:40:56] EDIT cb/views/default/index.html: 0
[2017-10-20 05:41:23] EDIT cb/views/default/index.html: 0
[2017-10-20 05:41:32] EDIT cb/views/default/index.html: 0
[2017-10-20 05:41:41] EDIT cb/views/default/index.html: 0
[2017-10-20 05:41:54] EDIT cb/views/default/index.html: 0
[2017-10-20 05:43:39] EDIT cb/controllers/default.py: 1
[2017-10-20 05:46:46] EDIT cb/controllers/default.py: 5
[2017-10-20 05:46:58] EDIT cb/controllers/default.py: -1
[2017-10-20 05:48:29] EDIT cb/views/default/spotlight.html: 0
[2017-10-20 05:48:51] EDIT cb/views/default/spotlight.html: 0
[2017-10-20 23:06:17] EDIT cb/controllers/default.py: 1
[2017-10-20 23:19:14] EDIT cb/views/default/spotlight.html: 18
[2017-10-20 23:19:45] EDIT cb/controllers/default.py: 0
[2017-10-20 23:20:06] EDIT cb/controllers/default.py: 0
[2017-10-20 23:20:13] EDIT cb/controllers/default.py: 0
[2017-10-20 23:21:35] EDIT cb/views/default/spotlight.html: 1
[2017-10-20 23:25:06] EDIT cb/views/default/spotlight.html: 6
[2017-10-20 23:25:33] EDIT cb/views/default/spotlight.html: 0
[2017-10-20 23:26:13] EDIT cb/views/default/spotlight.html: 2
[2017-10-20 23:26:57] EDIT cb/views/default/spotlight.html: 0
[2017-10-20 23:27:16] EDIT cb/views/default/spotlight.html: 0
[2017-10-20 23:27:43] EDIT cb/views/default/spotlight.html: 2
[2017-10-20 23:31:48] EDIT cb/views/default/spotlight.html: 4
[2017-10-20 23:32:41] EDIT cb/views/default/spotlight.html: 0
[2017-10-20 23:32:53] EDIT cb/views/default/spotlight.html: 0
[2017-10-20 23:34:45] EDIT cb/views/default/spotlight.html: -3
[2017-10-20 23:35:30] EDIT cb/views/default/spotlight.html: 0
[2017-10-20 23:36:59] EDIT cb/views/default/spotlight.html: 0
[2017-10-20 23:39:39] EDIT cb/views/default/spotlight.html: -4
[2017-10-20 23:40:29] EDIT cb/views/default/spotlight.html: 0
[2017-10-20 23:41:14] EDIT cb/views/default/spotlight.html: 0
[2017-10-20 23:44:17] EDIT cb/views/default/spotlight.html: -2
[2017-10-20 23:44:44] EDIT cb/views/default/spotlight.html: 0
[2017-10-20 23:44:58] EDIT cb/views/default/spotlight.html: 0
[2017-10-20 23:46:31] EDIT cb/views/default/spotlight.html: -2
[2017-10-20 23:47:42] EDIT cb/views/default/spotlight.html: 2
[2017-10-20 23:48:04] EDIT cb/views/default/spotlight.html: 2
[2017-10-20 23:48:46] EDIT cb/views/default/spotlight.html: -1
[2017-10-20 23:50:17] EDIT cb/views/default/spotlight.html: -1
[2017-10-20 23:50:57] EDIT cb/views/default/spotlight.html: -2
[2017-10-20 23:51:07] EDIT cb/views/default/spotlight.html: 2
[2017-10-20 23:51:20] EDIT cb/views/default/spotlight.html: 0
[2017-10-20 23:52:14] EDIT cb/views/default/spotlight.html: 0
[2017-10-20 23:52:38] EDIT cb/views/default/spotlight.html: 0
[2017-10-20 23:52:45] EDIT cb/views/default/spotlight.html: 0
[2017-10-20 23:53:08] EDIT cb/views/default/spotlight.html: 0
[2017-10-20 23:53:35] EDIT cb/views/default/spotlight.html: 0
[2017-10-20 23:53:49] EDIT cb/views/default/spotlight.html: 0
[2017-10-20 23:54:06] EDIT cb/views/default/spotlight.html: 2
[2017-10-20 23:54:34] EDIT cb/views/default/spotlight.html: -1
[2017-10-20 23:55:15] EDIT cb/views/default/spotlight.html: 0
[2017-10-20 23:55:45] EDIT cb/views/default/spotlight.html: 0
[2017-10-20 23:56:14] EDIT cb/views/default/spotlight.html: 2
[2017-10-20 23:56:57] EDIT cb/views/default/spotlight.html: 1
[2017-10-21 00:00:28] EDIT cb/controllers/default.py: 3
[2017-10-21 00:00:38] EDIT cb/controllers/default.py: -1
[2017-10-21 00:02:54] EDIT cb/controllers/default.py: 1
[2017-10-21 00:03:03] EDIT cb/controllers/default.py: 0
[2017-10-21 00:04:14] EDIT cb/controllers/default.py: -9
[2017-10-21 00:05:09] EDIT cb/controllers/default.py: 0
[2017-10-21 00:06:00] EDIT cb/controllers/default.py: 1
[2017-10-21 00:13:25] EDIT cb/models/db.py: 0
[2017-10-21 00:13:41] EDIT cb/models/db.py: 0
[2017-10-21 00:14:15] EDIT cb/controllers/default.py: -1
[2017-10-21 00:14:22] EDIT cb/models/db.py: 0
[2017-10-21 00:14:43] EDIT cb/controllers/default.py: 0
[2017-10-21 00:15:04] EDIT cb/controllers/default.py: 0
[2017-10-21 00:15:17] EDIT cb/controllers/default.py: 0
[2017-10-21 00:17:16] EDIT cb/controllers/default.py: -1
[2017-10-21 00:18:05] EDIT cb/controllers/default.py: 0
[2017-10-21 00:18:44] EDIT cb/controllers/default.py: 0
[2017-10-21 00:19:04] EDIT cb/controllers/default.py: 1
[2017-10-21 00:19:38] EDIT cb/controllers/default.py: 0
[2017-10-21 00:20:28] EDIT cb/controllers/default.py: 0
[2017-10-21 00:20:30] EDIT cb/controllers/default.py: 0
[2017-10-21 00:21:03] EDIT cb/views/default/spotlight.html: 0
[2017-10-21 00:21:31] EDIT cb/views/default/spotlight.html: 0
[2017-10-21 00:21:56] EDIT cb/views/default/spotlight.html: 0
[2017-10-21 00:22:27] EDIT cb/controllers/default.py: 0
[2017-10-21 00:24:50] EDIT cb/views/default/spotlight.html: 10
[2017-10-21 00:25:51] EDIT cb/views/default/spotlight.html: 0
[2017-10-21 00:27:16] EDIT cb/views/default/spotlight.html: 2
[2017-10-21 00:27:40] EDIT cb/views/default/spotlight.html: -2
[2017-10-21 00:28:19] EDIT cb/views/default/spotlight.html: -45
[2017-10-21 00:30:11] EDIT cb/controllers/default.py: 0
[2017-10-21 00:30:24] EDIT cb/controllers/default.py: 0
[2017-10-21 00:31:55] EDIT cb/models/db.py: 0
[2017-10-21 00:32:51] EDIT cb/models/db.py: 0
[2017-10-21 00:34:03] EDIT cb/models/db.py: 0
[2017-10-21 00:34:14] EDIT cb/models/db.py: 0
[2017-10-21 00:35:28] EDIT cb/models/db.py: 0
[2017-10-21 00:35:49] EDIT cb/models/db.py: 0
[2017-10-21 00:38:03] EDIT cb/controllers/default.py: 2
[2017-10-21 00:42:34] EDIT cb/views/default/spotlight.html: 5
[2017-10-21 00:42:37] EDIT cb/views/default/spotlight.html: 0
[2017-10-21 01:08:24] EDIT cb/views/default/spotlight.html: 0
[2017-10-21 01:08:55] EDIT cb/views/default/spotlight.html: 0
[2017-10-21 01:09:21] EDIT cb/views/default/spotlight.html: 0
[2017-10-21 01:10:23] EDIT cb/views/default/spotlight.html: 0
[2017-10-21 01:10:29] EDIT cb/views/default/spotlight.html: 0
[2017-10-21 01:10:38] EDIT cb/views/default/spotlight.html: 0
[2017-10-21 01:10:52] EDIT cb/views/default/spotlight.html: 0
[2017-10-21 01:11:04] EDIT cb/views/default/spotlight.html: 0
[2017-10-21 01:11:53] EDIT cb/views/default/spotlight.html: 1
[2017-10-21 01:12:00] EDIT cb/views/default/spotlight.html: 0
[2017-10-21 01:12:17] EDIT cb/views/default/spotlight.html: 0
[2017-10-21 01:13:02] EDIT cb/views/default/spotlight.html: -3
[2017-10-21 01:13:20] EDIT cb/views/default/spotlight.html: 3
[2017-10-21 01:16:16] EDIT cb/views/default/spotlight.html: -3
[2017-10-21 01:16:38] EDIT cb/views/default/spotlight.html: 0
[2017-10-21 01:18:11] EDIT cb/controllers/default.py: 0
[2017-10-21 01:29:46] EDIT cb/views/default/spotlight.html: 0
[2017-10-21 01:30:29] EDIT cb/views/default/spotlight.html: 0
[2017-10-21 01:35:11] EDIT cb/views/default/spotlight.html: 0
[2017-10-21 01:35:50] EDIT cb/controllers/default.py: 2
[2017-10-21 01:35:52] EDIT cb/views/default/spotlight.html: 0
[2017-10-21 01:37:05] EDIT cb/views/default/spotlight.html: 0
[2017-10-21 01:39:05] EDIT cb/controllers/default.py: 0
[2017-10-21 01:39:07] EDIT cb/views/default/spotlight.html: 4
[2017-10-21 01:40:32] EDIT cb/views/default/spotlight.html: 0
[2017-10-21 01:46:51] EDIT cb/views/default/spotlight.html: 0
[2017-10-21 01:48:07] EDIT cb/controllers/default.py: 0
[2017-10-21 01:48:52] EDIT cb/views/default/spotlight.html: 0
[2017-10-21 01:50:54] EDIT cb/views/layout.html: 1
[2017-10-21 01:53:36] EDIT cb/views/default/spotlight.html: 3
[2017-10-21 01:55:19] EDIT cb/views/default/spotlight.html: 0
[2017-10-21 01:56:52] EDIT cb/views/default/spotlight.html: 0
[2017-10-21 01:59:53] EDIT cb/views/default/spotlight.html: 0
[2017-10-21 02:01:54] EDIT cb/views/default/spotlight.html: 0
[2017-10-21 02:02:12] EDIT cb/views/default/spotlight.html: 0
[2017-10-21 02:02:29] EDIT cb/views/default/spotlight.html: 0
[2017-10-21 02:03:31] EDIT cb/views/default/spotlight.html: 0
[2017-10-21 02:04:09] EDIT cb/views/default/spotlight.html: 0
[2017-10-21 02:05:46] EDIT cb/views/default/spotlight.html: 0
[2017-10-21 02:06:25] EDIT cb/views/default/spotlight.html: 0
[2017-10-21 02:07:42] EDIT cb/views/default/spotlight.html: 0
[2017-10-21 02:08:36] EDIT cb/views/default/spotlight.html: 0
[2017-10-21 02:08:55] EDIT cb/views/default/spotlight.html: 0
[2017-10-21 02:09:20] EDIT cb/controllers/default.py: 0
[2017-10-21 02:09:46] EDIT cb/views/default/spotlight.html: 0
[2017-10-21 02:10:07] EDIT cb/views/default/spotlight.html: 0
[2017-10-21 02:11:45] EDIT cb/views/default/spotlight.html: 0
[2017-10-21 02:12:07] EDIT cb/views/default/spotlight.html: 0
[2017-10-21 02:13:16] EDIT cb/views/default/spotlight.html: 0
[2017-10-21 02:14:13] EDIT cb/views/default/spotlight.html: 0
[2017-10-21 02:15:22] EDIT cb/views/default/spotlight.html: 0
[2017-10-21 02:15:59] EDIT cb/views/default/spotlight.html: 0
[2017-10-21 02:17:05] EDIT cb/views/default/spotlight.html: 0
[2017-10-21 02:17:20] EDIT cb/views/default/spotlight.html: 0
[2017-10-21 02:17:36] EDIT cb/views/default/spotlight.html: 0
[2017-10-21 02:18:19] EDIT cb/views/default/spotlight.html: 0
[2017-10-21 02:18:37] EDIT cb/views/default/spotlight.html: 0
[2017-10-21 02:19:00] EDIT cb/views/default/spotlight.html: 0
[2017-10-21 02:20:30] EDIT cb/views/default/spotlight.html: 0
[2017-10-21 02:21:13] EDIT cb/views/default/spotlight.html: 0
[2017-10-21 02:22:03] EDIT cb/views/default/spotlight.html: 0
[2017-10-21 02:22:15] EDIT cb/views/default/spotlight.html: 0
[2017-10-21 02:22:59] EDIT cb/views/default/spotlight.html: 0
[2017-10-21 02:23:16] EDIT cb/views/default/spotlight.html: 0
[2017-10-21 02:23:26] EDIT cb/views/default/spotlight.html: 0
[2017-10-21 02:23:48] EDIT cb/views/default/spotlight.html: 0
[2017-10-21 02:24:17] EDIT cb/views/default/spotlight.html: 0
[2017-10-21 02:24:36] EDIT cb/views/default/spotlight.html: 0
[2017-10-21 02:25:30] EDIT cb/views/default/spotlight.html: 0
[2017-10-21 02:25:56] EDIT cb/views/default/spotlight.html: 0
[2017-10-21 02:26:52] EDIT cb/views/default/spotlight.html: 0
[2017-10-21 02:27:39] EDIT cb/views/default/spotlight.html: 0
[2017-10-21 02:28:09] EDIT cb/views/default/spotlight.html: 0
[2017-10-21 02:28:56] EDIT cb/views/default/spotlight.html: 0
[2017-10-21 02:31:17] EDIT cb/controllers/default.py: 1
[2017-10-21 02:32:08] EDIT cb/controllers/default.py: 2
[2017-10-21 02:32:20] EDIT cb/controllers/default.py: 0
[2017-10-21 02:35:14] EDIT cb/controllers/default.py: 1
[2017-10-21 02:37:10] EDIT cb/controllers/default.py: 1
[2017-10-21 02:37:29] EDIT cb/controllers/default.py: 0
[2017-10-21 02:40:41] EDIT cb/views/default/index.html: 0
[2017-10-21 02:42:16] EDIT cb/views/default/index.html: 0
[2017-10-21 02:43:27] EDIT cb/views/default/index.html: 0
[2017-10-21 02:44:51] EDIT cb/views/default/index.html: 0
[2017-10-21 02:46:09] EDIT cb/views/default/index.html: 0
[2017-10-21 02:48:09] EDIT cb/views/default/index.html: 2
[2017-10-21 03:13:10] EDIT cb/controllers/default.py: 1
[2017-10-21 03:15:13] EDIT cb/models/db.py: 0
[2017-10-21 03:15:29] EDIT cb/views/default/index.html: 0
[2017-10-21 03:16:22] EDIT cb/views/default/index.html: 0
[2017-10-21 03:16:32] EDIT cb/views/default/index.html: 0
[2017-10-21 03:16:38] EDIT cb/views/default/index.html: 0
[2017-10-21 03:18:21] EDIT cb/views/default/index.html: 0
[2017-10-21 03:19:01] EDIT cb/views/default/index.html: 3
[2017-10-21 03:20:05] EDIT cb/views/default/index.html: 0
[2017-10-21 03:20:30] EDIT cb/views/default/index.html: 0
[2017-10-21 03:20:45] EDIT cb/views/default/index.html: 0
[2017-10-21 03:21:37] EDIT cb/views/default/index.html: 0
[2017-10-21 03:23:23] EDIT cb/views/default/index.html: 0
[2017-10-21 03:26:29] EDIT cb/views/default/index.html: 0
[2017-10-21 03:27:11] EDIT cb/views/default/spotlight.html: -4
[2017-10-21 03:27:42] EDIT cb/views/default/spotlight.html: 2
[2017-10-21 03:31:06] EDIT cb/controllers/default.py: 1
[2017-10-21 03:31:15] EDIT cb/controllers/default.py: 0
[2017-10-21 03:31:18] EDIT cb/controllers/default.py: 0
[2017-10-21 03:31:39] EDIT cb/controllers/default.py: 0
[2017-10-21 03:33:20] EDIT cb/views/default/spotlight.html: -1
[2017-10-21 03:38:42] EDIT cb/controllers/default.py: 0
[2017-10-21 03:41:50] EDIT cb/views/default/spotlight.html: 0
[2017-10-21 03:42:43] EDIT cb/views/default/spotlight.html: -14
[2017-10-21 03:45:42] EDIT cb/controllers/default.py: 4
[2017-10-21 03:48:10] EDIT cb/controllers/default.py: -1
[2017-10-21 04:32:50] EDIT cb/views/default/spotlight.html: 0
[2017-10-21 04:33:39] EDIT cb/views/default/spotlight.html: 0
[2017-10-21 04:33:54] EDIT cb/views/default/spotlight.html: 0
[2017-10-21 04:34:29] EDIT cb/views/default/spotlight.html: 0
[2017-10-21 04:35:14] EDIT cb/models/db.py: 0
[2017-10-21 04:35:50] EDIT cb/views/default/spotlight.html: 0
[2017-10-21 04:36:10] EDIT cb/views/default/spotlight.html: 0
[2017-10-21 04:54:24] EDIT cb/models/db.py: 1
[2017-10-21 04:54:26] EDIT cb/models/db.py: 0
[2017-10-21 04:55:12] EDIT cb/models/db.py: 0
[2017-10-21 04:55:15] EDIT cb/models/db.py: 0
[2017-10-21 04:56:19] EDIT cb/controllers/default.py: 1
[2017-10-21 04:58:24] EDIT cb/views/default/spotlight.html: 1
[2017-10-21 04:59:09] EDIT cb/views/default/spotlight.html: 0
[2017-10-21 04:59:44] EDIT cb/controllers/default.py: 2
[2017-10-21 05:01:01] EDIT cb/controllers/default.py: 0
[2017-10-21 05:09:17] EDIT cb/views/default/spotlight.html: 2
[2017-10-21 05:09:50] EDIT cb/models/db.py: 0
[2017-10-21 05:09:53] EDIT cb/views/default/spotlight.html: 0
[2017-10-21 05:10:23] EDIT cb/views/default/spotlight.html: 0
[2017-10-21 05:11:10] EDIT cb/views/default/spotlight.html: 0
[2017-10-21 05:12:34] EDIT cb/views/default/spotlight.html: -2
[2017-10-21 05:14:49] EDIT cb/views/default/spotlight.html: 0
[2017-10-21 05:18:52] EDIT cb/views/default/spotlight.html: 1
[2017-10-21 05:21:10] EDIT cb/views/default/spotlight.html: 1
[2017-10-21 05:21:25] EDIT cb/views/default/spotlight.html: 0
[2017-10-21 05:22:05] EDIT cb/views/default/spotlight.html: -1
[2017-10-21 05:22:38] EDIT cb/views/default/spotlight.html: 1
[2017-10-21 05:24:07] EDIT cb/views/default/spotlight.html: -1
[2017-10-21 05:24:25] EDIT cb/views/default/spotlight.html: 0
[2017-10-21 05:34:18] EDIT cb/views/default/spotlight.html: 4
[2017-10-21 05:34:34] EDIT cb/views/default/spotlight.html: 0
[2017-10-21 05:35:19] EDIT cb/views/default/spotlight.html: -5
[2017-10-21 05:35:37] EDIT cb/views/default/spotlight.html: 5
[2017-10-21 05:36:14] EDIT cb/controllers/default.py: 0
[2017-10-21 05:36:39] EDIT cb/controllers/default.py: 0
[2017-10-21 05:36:43] EDIT cb/controllers/default.py: 0
[2017-10-21 05:37:13] EDIT cb/controllers/default.py: 0
[2017-10-21 05:37:21] EDIT cb/controllers/default.py: 0
[2017-10-21 05:38:23] EDIT cb/controllers/default.py: 0
[2017-10-21 05:38:45] EDIT cb/controllers/default.py: 0
[2017-10-21 05:38:48] EDIT cb/controllers/default.py: 0
[2017-10-21 05:40:16] EDIT cb/views/default/spotlight.html: 3
[2017-10-21 05:40:27] EDIT cb/views/default/spotlight.html: -3
[2017-10-21 05:41:40] EDIT cb/views/default/spotlight.html: 1
[2017-10-21 05:42:16] EDIT cb/views/default/spotlight.html: -1
[2017-10-21 05:43:12] EDIT cb/controllers/default.py: 0
[2017-10-21 05:43:31] EDIT cb/controllers/default.py: 0
[2017-10-21 05:43:40] EDIT cb/controllers/default.py: 0
[2017-10-21 05:48:02] EDIT cb/controllers/default.py: 2
[2017-10-21 05:49:18] EDIT cb/views/default/spotlight.html: 0
[2017-10-21 05:49:43] EDIT cb/controllers/default.py: 1
[2017-10-21 05:50:31] EDIT cb/controllers/default.py: 0
[2017-10-21 05:50:39] EDIT cb/controllers/default.py: 0
[2017-10-21 05:51:09] EDIT cb/controllers/default.py: 1
[2017-10-21 05:51:27] EDIT cb/controllers/default.py: 0
[2017-10-21 05:52:56] EDIT cb/controllers/default.py: -1
[2017-10-21 05:53:13] EDIT cb/controllers/default.py: 0
[2017-10-21 05:53:33] EDIT cb/controllers/default.py: 0
[2017-10-21 05:53:44] EDIT cb/controllers/default.py: 0
[2017-10-21 05:53:57] EDIT cb/controllers/default.py: 0
[2017-10-21 05:54:06] EDIT cb/controllers/default.py: 0
[2017-10-21 05:55:55] EDIT cb/controllers/default.py: 0
[2017-10-21 05:57:15] EDIT cb/views/default/spotlight.html: 0
[2017-10-21 05:57:20] EDIT cb/views/default/spotlight.html: 0
[2017-10-21 05:58:16] EDIT cb/controllers/default.py: 0
[2017-10-21 17:33:17] EDIT cb/controllers/default.py: 3
[2017-10-21 17:35:14] EDIT cb/controllers/default.py: 1
[2017-10-21 17:35:26] EDIT cb/controllers/default.py: 0
[2017-10-21 17:35:50] EDIT cb/controllers/default.py: 0
[2017-10-21 17:36:50] EDIT cb/controllers/default.py: 1
[2017-10-21 17:36:53] EDIT cb/controllers/default.py: 0
[2017-10-21 17:37:32] EDIT cb/controllers/default.py: 0
[2017-10-21 17:38:15] EDIT cb/controllers/default.py: 0
[2017-10-21 17:38:44] EDIT cb/controllers/default.py: 1
[2017-10-21 17:39:17] EDIT cb/controllers/default.py: 0
[2017-10-21 17:40:35] EDIT cb/views/default/index.html: 0
[2017-10-21 17:42:23] EDIT cb/controllers/default.py: 1
[2017-10-22 17:37:42] EDIT cb/views/default/spotlight.html: 0
[2017-10-22 17:44:59] EDIT cb/controllers/default.py: 3
[2017-10-22 17:45:18] EDIT cb/controllers/default.py: 0
[2017-10-22 17:47:05] EDIT cb/models/db.py: 0
[2017-10-22 17:47:17] EDIT cb/models/db.py: 0
[2017-10-22 17:48:13] EDIT cb/models/db.py: 0
[2017-10-22 17:48:25] EDIT cb/models/db.py: 0
[2017-10-22 17:49:30] EDIT cb/controllers/default.py: 0
[2017-10-22 18:04:23] EDIT cb/views/default/index.html: 1
[2017-10-22 18:05:03] EDIT cb/views/default/index.html: -1
[2017-10-22 18:05:42] EDIT cb/views/default/index.html: 0
[2017-10-22 18:10:12] EDIT cb/controllers/default.py: 0
[2017-10-22 18:10:14] EDIT cb/views/default/spotlight.html: 0
[2017-10-22 18:10:50] EDIT cb/views/default/spotlight.html: 0
[2017-10-22 18:13:17] EDIT cb/views/default/spotlight.html: 0
[2017-10-22 18:15:15] EDIT cb/views/default/spotlight.html: 0
[2017-10-22 18:15:32] EDIT cb/views/default/spotlight.html: 0
[2017-10-22 18:17:59] EDIT cb/views/default/spotlight.html: -2
[2017-10-22 18:18:53] EDIT cb/views/default/spotlight.html: 3
[2017-10-22 18:19:05] EDIT cb/views/default/spotlight.html: 1
[2017-10-22 18:52:07] EDIT cb/views/default/spotlight.html: -1
[2017-10-22 18:52:19] EDIT cb/views/default/spotlight.html: -1
[2017-10-22 18:53:44] EDIT cb/views/default/spotlight.html: 1
[2017-10-22 18:54:31] EDIT cb/views/default/spotlight.html: 1
[2017-10-22 18:55:34] EDIT cb/views/default/spotlight.html: 4
[2017-10-22 18:55:44] EDIT cb/views/default/spotlight.html: -4
[2017-10-22 18:55:50] EDIT cb/views/default/spotlight.html: 0
[2017-10-22 18:56:55] EDIT cb/views/default/spotlight.html: 0
[2017-10-22 18:57:24] EDIT cb/views/default/spotlight.html: 0
[2017-10-22 18:57:43] EDIT cb/views/default/spotlight.html: 0
[2017-10-22 18:57:51] EDIT cb/views/default/spotlight.html: 0
[2017-10-22 18:58:58] EDIT cb/views/default/spotlight.html: 2
[2017-10-22 19:02:06] EDIT cb/views/default/index.html: 0
[2017-10-22 19:02:39] EDIT cb/views/default/index.html: 0
[2017-10-22 19:03:02] EDIT cb/views/default/index.html: 0
[2017-10-22 19:03:55] EDIT cb/views/default/index.html: 0
[2017-10-22 19:04:35] EDIT cb/views/default/index.html: 0
[2017-10-22 19:05:30] EDIT cb/views/default/index.html: 0
[2017-10-22 19:06:35] EDIT cb/views/default/index.html: 0
[2017-10-22 19:06:48] EDIT cb/views/default/index.html: 0
[2017-10-22 19:07:24] EDIT cb/views/default/index.html: 0
[2017-10-22 19:07:48] EDIT cb/views/default/index.html: 0
[2017-10-22 19:14:05] EDIT cb/views/default/spotlight.html: 4
[2017-10-22 19:15:34] EDIT cb/views/default/spotlight.html: 2
[2017-10-22 19:17:39] EDIT cb/views/default/spotlight.html: 0
[2017-10-22 19:18:06] EDIT cb/views/default/spotlight.html: -6
[2017-10-22 19:42:50] EDIT cb/models/db.py: 0
[2017-10-22 19:43:03] EDIT cb/models/db.py: 0
[2017-10-22 19:44:15] EDIT cb/models/db.py: 0
[2017-10-22 19:44:24] EDIT cb/models/db.py: 0
[2017-10-22 19:44:36] EDIT cb/models/db.py: 0
[2017-10-22 19:44:47] EDIT cb/models/db.py: 0
[2017-10-22 19:46:55] EDIT cb/controllers/default.py: 0
[2017-10-23 01:32:03] EDIT cb/controllers/default.py: 4
[2017-10-23 01:32:33] EDIT cb/controllers/default.py: 1
[2017-10-23 01:34:39] EDIT cb/controllers/default.py: 7
[2017-10-23 01:37:10] EDIT cb/controllers/default.py: 0
[2017-10-23 01:39:24] EDIT cb/controllers/default.py: 5
[2017-10-23 01:39:30] EDIT cb/controllers/default.py: 0
[2017-10-23 01:39:45] EDIT cb/controllers/default.py: 0
[2017-10-23 01:40:05] EDIT cb/controllers/default.py: 0
[2017-10-23 01:40:51] EDIT cb/controllers/default.py: 0
[2017-10-23 01:40:58] EDIT cb/controllers/default.py: 0
[2017-10-23 01:41:08] EDIT cb/controllers/default.py: 0
[2017-10-23 01:41:15] EDIT cb/controllers/default.py: 0
[2017-10-23 01:41:16] EDIT cb/controllers/default.py: 0
[2017-10-23 01:41:39] EDIT cb/controllers/default.py: 0
[2017-10-23 01:41:46] EDIT cb/controllers/default.py: 0
[2017-10-23 01:42:29] EDIT cb/controllers/default.py: 0
[2017-10-23 01:48:09] EDIT cb/controllers/default.py: 5
[2017-10-23 01:48:15] EDIT cb/controllers/default.py: 0
[2017-10-23 01:49:30] EDIT cb/controllers/default.py: 0
[2017-10-23 01:51:49] EDIT cb/views/default/spotlight.html: 2
[2017-10-23 01:55:19] EDIT cb/controllers/default.py: -3
[2017-10-23 01:56:34] EDIT cb/controllers/default.py: 0
[2017-10-23 01:56:51] EDIT cb/controllers/default.py: 0
[2017-10-23 01:59:56] EDIT cb/views/default/index.html: 1
[2017-10-23 02:03:14] EDIT cb/views/default/spotlight.html: 7
[2017-10-23 02:04:00] EDIT cb/views/default/spotlight.html: 0
[2017-10-23 02:05:39] EDIT cb/controllers/default.py: 0
[2017-10-23 02:09:22] EDIT cb/views/default/spotlight.html: 1
[2017-10-23 02:09:45] EDIT cb/views/default/spotlight.html: 0
[2017-10-23 02:16:14] EDIT cb/views/default/spotlight.html: 1
[2017-10-23 02:17:58] EDIT cb/controllers/default.py: 0
[2017-10-23 02:18:53] EDIT cb/controllers/default.py: 0
[2017-10-23 02:20:08] EDIT cb/controllers/default.py: 3
[2017-10-23 02:21:41] EDIT cb/views/default/spotlight.html: 0
[2017-10-23 02:22:17] EDIT cb/controllers/default.py: 0
[2017-10-23 02:25:12] EDIT cb/views/default/spotlight.html: 0
[2017-10-23 02:25:45] EDIT cb/views/default/spotlight.html: 0
[2017-10-23 02:27:34] EDIT cb/views/default/spotlight.html: 1
[2017-10-23 02:28:00] EDIT cb/views/default/spotlight.html: 0
[2017-10-23 02:29:10] EDIT cb/controllers/default.py: 0
[2017-10-23 02:30:12] EDIT cb/controllers/default.py: 0
[2017-10-23 02:31:17] EDIT cb/views/default/spotlight.html: -1
[2017-10-23 02:43:08] EDIT cb/views/default/spotlight.html: -2
[2017-10-23 02:47:31] EDIT cb/views/default/spotlight.html: 4
[2017-10-23 02:49:07] EDIT cb/views/default/spotlight.html: 2
[2017-10-23 02:57:05] EDIT cb/views/layout.html: 0
[2017-10-23 03:01:08] EDIT cb/views/layout.html: -9
[2017-10-23 03:04:11] EDIT cb/views/layout.html: 9
[2017-10-23 03:05:07] EDIT cb/views/layout.html: 0
[2017-10-23 03:05:24] EDIT cb/views/layout.html: 0
[2017-10-23 04:00:38] EDIT cb/views/layout.html: 0
[2017-10-23 04:01:44] EDIT cb/views/layout.html: 0
[2017-10-23 04:05:21] EDIT cb/views/layout.html: -6
[2017-10-23 04:05:31] EDIT cb/views/layout.html: 6
[2017-10-23 04:06:03] EDIT cb/views/layout.html: -6
[2017-10-23 04:07:14] EDIT cb/views/layout.html: 0
[2017-10-23 04:07:52] EDIT cb/views/layout.html: 6
[2017-10-23 04:08:35] EDIT cb/views/layout.html: 0
[2017-10-23 04:09:12] EDIT cb/views/layout.html: 0
[2017-10-23 04:09:26] EDIT cb/views/layout.html: 0
[2017-10-23 04:10:05] EDIT cb/views/layout.html: 0
[2017-10-23 04:10:32] EDIT cb/views/layout.html: 0
[2017-10-23 04:11:05] EDIT cb/views/layout.html: 0
[2017-10-23 04:11:50] EDIT cb/views/layout.html: 0
[2017-10-23 04:12:20] EDIT cb/views/layout.html: 0
[2017-10-23 04:13:10] EDIT cb/views/layout.html: 0
[2017-10-23 04:15:13] EDIT cb/views/default/submit.html: 0
[2017-10-23 04:15:34] EDIT cb/views/default/submit.html: 1
[2017-10-23 04:16:50] EDIT cb/views/default/submit.html: 0
[2017-10-23 04:17:27] EDIT cb/views/default/spotlight.html: 0
[2017-10-23 04:17:34] EDIT cb/views/default/spotlight.html: 0
[2017-10-23 04:17:57] EDIT cb/views/default/submit.html: 1
[2017-10-23 04:18:23] EDIT cb/views/default/submit.html: 1
[2017-10-23 04:20:59] EDIT cb/views/layout.html: 0
[2017-10-23 04:21:21] EDIT cb/views/layout.html: 0
[2017-10-23 04:21:45] EDIT cb/views/layout.html: 0
[2017-10-23 04:27:36] EDIT cb/views/default/spotlight.html: 2
[2017-10-23 04:27:59] EDIT cb/views/default/spotlight.html: 0
[2017-10-23 04:28:50] EDIT cb/views/default/spotlight.html: 0
[2017-10-23 04:30:45] EDIT cb/views/layout.html: 0
[2017-10-23 04:37:13] EDIT cb/views/default/index.html: 0
[2017-10-23 04:37:31] EDIT cb/views/default/index.html: 0
[2017-10-23 05:39:11] EDIT cb/controllers/default.py: 0
[2017-10-23 05:39:18] EDIT cb/controllers/default.py: 0
[2017-10-23 05:39:36] EDIT cb/controllers/default.py: 0
[2017-10-23 05:41:10] EDIT cb/views/default/spotlight.html: 1
[2017-10-23 05:42:02] EDIT cb/views/default/spotlight.html: -1
[2017-10-23 05:44:13] EDIT cb/views/default/spotlight.html: 2
[2017-10-23 05:44:38] EDIT cb/views/default/spotlight.html: 0
[2017-10-23 05:47:15] EDIT cb/views/default/index.html: 0
[2017-10-23 06:00:55] EDIT cb/models/db.py: 0
[2017-10-23 06:01:13] EDIT cb/models/db.py: 0
[2017-10-23 06:02:23] EDIT cb/views/default/index.html: 2
[2017-10-23 06:03:19] EDIT cb/views/default/spotlight.html: 2
[2017-10-23 06:05:05] EDIT cb/controllers/default.py: 0
[2017-10-23 06:05:45] EDIT cb/views/default/submit.html: -6
[2017-10-23 06:07:27] EDIT cb/views/default/index.html: 2
[2017-10-23 06:08:06] EDIT cb/views/default/index.html: -3
[2017-10-23 06:10:07] EDIT cb/views/default/index.html: 1
[2017-10-23 06:10:28] EDIT cb/views/default/index.html: 0
[2017-10-23 06:10:44] EDIT cb/views/default/spotlight.html: -3
[2017-10-23 06:11:27] EDIT cb/views/default/index.html: 0
[2017-10-23 19:27:56] EDIT cb/controllers/default.py: 0
[2017-10-23 19:30:30] EDIT cb/views/layout.html: 1
[2017-10-23 19:30:53] EDIT cb/views/layout.html: 0
[2017-10-23 19:32:08] EDIT cb/views/layout.html: 0
[2017-10-23 19:32:23] EDIT cb/views/layout.html: 0
[2017-10-23 19:33:07] EDIT cb/views/layout.html: 0
[2017-10-23 19:34:41] EDIT cb/views/layout.html: 0
[2017-10-23 19:37:18] EDIT cb/views/default/spotlight.html: 0
[2017-10-23 19:37:33] EDIT cb/views/default/spotlight.html: 0
[2017-10-23 19:45:23] EDIT cb/controllers/default.py: 7
[2017-10-23 19:50:43] EDIT cb/views/default/spotlight.html: 6
[2017-10-23 19:51:06] EDIT cb/views/default/spotlight.html: 0
[2017-10-23 19:52:19] EDIT cb/views/default/spotlight.html: 0
[2017-10-23 19:53:07] EDIT cb/controllers/default.py: 0
[2017-10-23 19:54:41] EDIT cb/views/default/spotlight.html: 5
[2017-10-23 19:56:04] EDIT cb/views/default/spotlight.html: 0
[2017-10-23 20:00:41] EDIT cb/controllers/default.py: 9
[2017-10-23 20:03:53] EDIT cb/views/default/spotlight.html: 0
[2017-10-23 20:05:31] EDIT cb/controllers/default.py: 1
[2017-10-23 20:07:13] EDIT cb/controllers/default.py: 0
[2017-10-23 20:08:43] EDIT cb/controllers/default.py: 1
[2017-10-23 20:10:07] EDIT cb/views/layout.html: 0
[2017-10-23 20:10:28] EDIT cb/views/layout.html: 0
[2017-10-23 20:13:23] EDIT cb/views/layout.html: -1
[2017-10-23 20:14:28] EDIT cb/views/layout.html: -6
[2017-10-23 20:14:48] EDIT cb/views/layout.html: 6
[2017-10-23 20:28:21] EDIT cb/views/layout.html: 0
[2017-10-23 20:28:44] EDIT cb/views/layout.html: 0
[2017-10-23 20:39:04] EDIT cb/models/db.py: 1
[2017-10-23 20:48:09] EDIT cb/views/layout.html: -4
[2017-10-23 20:49:04] EDIT cb/views/layout.html: 0
[2017-10-23 20:49:47] EDIT cb/views/layout.html: -6
[2017-10-23 20:50:33] EDIT cb/views/layout.html: 2
[2017-10-23 20:51:51] EDIT cb/views/layout.html: -5
[2017-10-23 20:52:11] EDIT cb/views/layout.html: 0
[2017-10-23 20:54:01] EDIT cb/views/layout.html: 0
[2017-10-23 20:54:21] EDIT cb/views/layout.html: 14
[2017-10-23 20:55:07] EDIT cb/views/layout.html: -1
[2017-10-23 20:57:44] EDIT cb/views/default/index.html: 0
[2017-10-23 20:59:03] EDIT cb/views/layout.html: 0
[2017-10-23 21:01:09] EDIT cb/views/layout.html: 0
[2017-10-23 21:01:51] EDIT cb/views/layout.html: 0
[2017-10-23 21:02:18] EDIT cb/views/layout.html: 0
[2017-10-23 21:02:37] EDIT cb/views/layout.html: 0
[2017-10-23 21:03:25] EDIT cb/views/layout.html: 0
[2017-10-23 21:04:17] EDIT cb/views/layout.html: 0
[2017-10-23 21:06:04] EDIT cb/views/layout.html: 0
[2017-10-23 21:06:43] EDIT cb/views/layout.html: 0
[2017-10-23 21:07:04] EDIT cb/views/layout.html: 0
[2017-10-23 21:08:11] EDIT cb/views/layout.html: 0
[2017-10-23 21:08:38] EDIT cb/views/layout.html: 0
[2017-10-23 21:09:13] EDIT cb/views/layout.html: 0
[2017-10-23 21:09:42] EDIT cb/views/layout.html: 0
[2017-10-23 21:10:14] EDIT cb/views/layout.html: 0
[2017-10-23 21:16:51] EDIT cb/views/layout.html: 5
[2017-10-25 19:29:19] UPLOAD /home/smmc/web2py/applications/cb/static/background.js: 14
[2017-10-25 19:29:49] UPLOAD /home/smmc/web2py/applications/cb/static/content_script.js: 7
[2017-10-25 19:30:10] UPLOAD /home/smmc/web2py/applications/cb/static/icon.png: 6
[2017-10-25 19:30:54] UPLOAD /home/smmc/web2py/applications/cb/static/index.html: 10
[2017-10-29 21:41:54] EDIT cb/views/default/index.html: 0
[2017-10-29 21:42:44] EDIT cb/views/default/spotlight.html: 0
[2017-10-29 21:48:09] EDIT cb/views/default/index.html: 0
[2017-10-29 21:48:19] EDIT cb/views/default/index.html: 0
[2017-10-29 21:49:00] EDIT cb/views/default/index.html: 0
[2017-10-29 21:51:41] EDIT cb/views/default/submit.html: 0
[2017-10-29 22:15:48] EDIT cb/views/layout.html: 0
